<?xml version="1.0" encoding="UTF-8"?>
<!-- Generated by org.testng.reporters.JUnitReportReporter -->
<testsuite hostname="romrobillos" failures="0" tests="5" name="testRunner.CucumberTestRunner" time="61.193" errors="0" timestamp="2025-01-29T06:46:33 GMT+08:00" skipped="0">
  <testcase classname="testRunner.CucumberTestRunner" name="runScenario" time="10.191"/>
  <testcase classname="testRunner.CucumberTestRunner" name="runScenario" time="10.445"/>
  <testcase classname="testRunner.CucumberTestRunner" name="runScenario" time="15.500"/>
  <testcase classname="testRunner.CucumberTestRunner" name="runScenario" time="10.020"/>
  <testcase classname="testRunner.CucumberTestRunner" name="runScenario" time="15.037"/>
</testsuite> <!-- testRunner.CucumberTestRunner -->
