<?xml version="1.0" encoding="UTF-8"?>
<!-- Generated by org.testng.reporters.JUnitReportReporter -->
<testsuite hostname="romrobillos" failures="0" tests="1" name="testRunner.CucumberTestRunner" time="2.436" errors="0" timestamp="2025-01-21T04:16:15 GMT+08:00" skipped="0">
  <testcase classname="testRunner.CucumberTestRunner" name="runScenario" time="2.436"/>
</testsuite> <!-- testRunner.CucumberTestRunner -->
