<?xml version="1.0" encoding="UTF-8"?>
<!-- Generated by org.testng.reporters.JUnitReportReporter -->
<testsuite hostname="romrobillos" failures="0" tests="3" name="testRunner.CucumberTestRunner" time="14.384" errors="0" timestamp="2025-01-26T06:06:30 GMT+08:00" skipped="2">
  <testcase classname="testRunner.CucumberTestRunner" name="runScenario" time="3.367"/>
  <testcase classname="testRunner.CucumberTestRunner" name="runScenario" time="5.612">
    <skipped/>
  </testcase> <!-- runScenario -->
  <testcase classname="testRunner.CucumberTestRunner" name="runScenario" time="5.405">
    <skipped/>
  </testcase> <!-- runScenario -->
</testsuite> <!-- testRunner.CucumberTestRunner -->
