<?xml version="1.0" encoding="UTF-8"?>
<!-- Generated by org.testng.reporters.JUnitReportReporter -->
<testsuite hostname="romrobillos" failures="0" tests="4" name="testRunner.CucumberTestRunner" time="15.457" errors="0" timestamp="2025-01-22T04:22:40 GMT+08:00" skipped="2">
  <testcase classname="testRunner.CucumberTestRunner" name="runScenario" time="2.989"/>
  <testcase classname="testRunner.CucumberTestRunner" name="runScenario" time="2.211"/>
  <testcase classname="testRunner.CucumberTestRunner" name="runScenario" time="5.227">
    <skipped/>
  </testcase> <!-- runScenario -->
  <testcase classname="testRunner.CucumberTestRunner" name="runScenario" time="5.030">
    <skipped/>
  </testcase> <!-- runScenario -->
</testsuite> <!-- testRunner.CucumberTestRunner -->
